app/build/intermediates/manifest_merge_blame_file/release/manifest-merger-blame-release-report.txt
1<?xml version="1.0" encoding="utf-8"?>
2<manifest xmlns:android="http://schemas.android.com/apk/res/android"
3    package="com.zebra.connectivitydemo"
4    android:versionCode="1"
5    android:versionName="1.0" >
6
7    <uses-sdk
8        android:minSdkVersion="16"
8-->src\main\AndroidManifest.xml
9        android:targetSdkVersion="31" />
9-->src\main\AndroidManifest.xml
10
11    <uses-permission android:name="android.permission.BLUETOOTH" />
11-->src\main\AndroidManifest.xml:4:5-68
11-->src\main\AndroidManifest.xml:4:22-65
12    <uses-permission android:name="android.permission.BLUETOOTH_ADMIN" />
12-->src\main\AndroidManifest.xml:5:5-74
12-->src\main\AndroidManifest.xml:5:22-71
13    <uses-permission android:name="android.permission.CHANGE_WIFI_MULTICAST_STATE" />
13-->src\main\AndroidManifest.xml:6:5-86
13-->src\main\AndroidManifest.xml:6:22-83
14    <uses-permission android:name="android.permission.INTERNET" />
14-->src\main\AndroidManifest.xml:7:5-67
14-->src\main\AndroidManifest.xml:7:22-64
15    <uses-permission android:name="android.permission.WRITE_EXTERNAL_STORAGE" />
15-->src\main\AndroidManifest.xml:8:5-81
15-->src\main\AndroidManifest.xml:8:22-78
16    <uses-permission android:name="android.permission.CAMERA" />
16-->src\main\AndroidManifest.xml:9:5-65
16-->src\main\AndroidManifest.xml:9:22-62
17
18    <uses-feature android:name="android.hardware.camera" />
18-->src\main\AndroidManifest.xml:11:5-60
18-->src\main\AndroidManifest.xml:11:19-57
19    <uses-feature android:name="android.hardware.camera.autofocus" />
19-->src\main\AndroidManifest.xml:12:5-70
19-->src\main\AndroidManifest.xml:12:19-67
20
21    <application
21-->src\main\AndroidManifest.xml:15:5-32:19
22        android:allowBackup="true"
22-->src\main\AndroidManifest.xml:16:9-35
23        android:icon="@drawable/ic_launcher"
23-->src\main\AndroidManifest.xml:17:9-45
24        android:label="@string/app_name"
24-->src\main\AndroidManifest.xml:18:9-41
25        android:theme="@style/AppTheme" >
25-->src\main\AndroidManifest.xml:19:9-40
26        <activity
26-->src\main\AndroidManifest.xml:21:9-31:20
27            android:name="com.zebra.connectivitydemo.MainActivity"
27-->src\main\AndroidManifest.xml:22:13-67
28            android:exported="true"
28-->src\main\AndroidManifest.xml:25:13-36
29            android:label="@string/app_name"
29-->src\main\AndroidManifest.xml:23:13-45
30            android:screenOrientation="portrait" >
30-->src\main\AndroidManifest.xml:24:13-49
31            <intent-filter>
31-->src\main\AndroidManifest.xml:26:13-30:29
32                <action android:name="android.intent.action.MAIN" />
32-->src\main\AndroidManifest.xml:27:17-69
32-->src\main\AndroidManifest.xml:27:25-66
33
34                <category android:name="android.intent.category.LAUNCHER" />
34-->src\main\AndroidManifest.xml:29:17-77
34-->src\main\AndroidManifest.xml:29:27-74
35            </intent-filter>
36        </activity>
37    </application>
38
39</manifest>